This file contains any messages produced by compilers while
running configure, to aid debugging if configure makes a mistake.

It was created by libpng configure 1.6.38.magma, which was
generated by GNU Autoconf 2.69.  Invocation command line was

  $ ./configure --host=x86_64

## --------- ##
## Platform. ##
## --------- ##

hostname = fran-kubuntu
uname -m = x86_64
uname -r = 5.11.0-43-generic
uname -s = Linux
uname -v = #47~20.04.2-Ubuntu SMP Mon Dec 13 11:06:56 UTC 2021

/usr/bin/uname -p = x86_64
/bin/uname -X     = unknown

/bin/arch              = x86_64
/usr/bin/arch -k       = unknown
/usr/convex/getsysinfo = unknown
/usr/bin/hostinfo      = unknown
/bin/machine           = unknown
/usr/bin/oslevel       = unknown
/bin/universe          = unknown

PATH: /usr/local/sbin
PATH: /usr/local/bin
PATH: /usr/sbin
PATH: /usr/bin
PATH: /sbin
PATH: /bin
PATH: /snap/bin


## ----------- ##
## Core tests. ##
## ----------- ##

configure:2366: checking for a BSD-compatible install
configure:2434: result: /usr/bin/install -c
configure:2445: checking whether build environment is sane
configure:2500: result: yes
configure:2557: checking for x86_64-strip
configure:2587: result: no
configure:2597: checking for strip
configure:2613: found /usr/bin/strip
configure:2624: result: strip
configure:2649: checking for a thread-safe mkdir -p
configure:2688: result: /usr/bin/mkdir -p
configure:2695: checking for gawk
configure:2725: result: no
configure:2695: checking for mawk
configure:2711: found /usr/bin/mawk
configure:2722: result: mawk
configure:2733: checking whether make sets $(MAKE)
configure:2755: result: yes
configure:2784: checking whether make supports nested variables
configure:2801: result: yes
configure:2931: checking whether to enable maintainer-specific portions of Makefiles
configure:2940: result: no
configure:2980: checking for x86_64-gcc
configure:3007: result: clang
configure:3276: checking for C compiler version
configure:3285: clang --version >&5
clang version 10.0.0-4ubuntu1 
Target: x86_64-pc-linux-gnu
Thread model: posix
InstalledDir: /usr/bin
configure:3296: $? = 0
configure:3285: clang -v >&5
clang version 10.0.0-4ubuntu1 
Target: x86_64-pc-linux-gnu
Thread model: posix
InstalledDir: /usr/bin
Found candidate GCC installation: /usr/bin/../lib/gcc/x86_64-linux-gnu/9
Found candidate GCC installation: /usr/lib/gcc/x86_64-linux-gnu/9
Selected GCC installation: /usr/bin/../lib/gcc/x86_64-linux-gnu/9
Candidate multilib: .;@m64
Selected multilib: .;@m64
configure:3296: $? = 0
configure:3285: clang -V >&5
clang: error: argument to '-V' is missing (expected 1 value)
clang: error: no input files
configure:3296: $? = 1
configure:3285: clang -qversion >&5
clang: error: unknown argument '-qversion'; did you mean '--version'?
clang: error: no input files
configure:3296: $? = 1
configure:3316: checking whether the C compiler works
configure:3338: clang -std=c11 -g -O0 -D_POSIX_C_SOURCE=200112L  -DMAGMA_FATAL_CANARIES -include /home/fran/Bureau/Intro_OS/Lab4/os21-lab4-Bozu1206/done/02-fuzzing/magma/tmp/magma/canary.h    conftest.c  -lrt >&5
configure:3342: $? = 0
configure:3390: result: yes
configure:3393: checking for C compiler default output file name
configure:3395: result: a.out
configure:3401: checking for suffix of executables
configure:3408: clang -o conftest -std=c11 -g -O0 -D_POSIX_C_SOURCE=200112L  -DMAGMA_FATAL_CANARIES -include /home/fran/Bureau/Intro_OS/Lab4/os21-lab4-Bozu1206/done/02-fuzzing/magma/tmp/magma/canary.h    conftest.c  -lrt >&5
configure:3412: $? = 0
configure:3434: result: 
configure:3456: checking whether we are cross compiling
configure:3464: clang -o conftest -std=c11 -g -O0 -D_POSIX_C_SOURCE=200112L  -DMAGMA_FATAL_CANARIES -include /home/fran/Bureau/Intro_OS/Lab4/os21-lab4-Bozu1206/done/02-fuzzing/magma/tmp/magma/canary.h    conftest.c  -lrt >&5
configure:3468: $? = 0
configure:3475: ./conftest
configure:3479: $? = 0
configure:3467: result: no
configure:3472: checking for suffix of object files
configure:3494: clang -c -std=c11 -g -O0 -D_POSIX_C_SOURCE=200112L  -DMAGMA_FATAL_CANARIES -include /home/fran/Bureau/Intro_OS/Lab4/os21-lab4-Bozu1206/done/02-fuzzing/magma/tmp/magma/canary.h  conftest.c >&5
configure:3498: $? = 0
configure:3519: result: o
configure:3523: checking whether we are using the GNU C compiler
configure:3542: clang -c -std=c11 -g -O0 -D_POSIX_C_SOURCE=200112L  -DMAGMA_FATAL_CANARIES -include /home/fran/Bureau/Intro_OS/Lab4/os21-lab4-Bozu1206/done/02-fuzzing/magma/tmp/magma/canary.h  conftest.c >&5
configure:3542: $? = 0
configure:3551: result: yes
configure:3560: checking whether clang accepts -g
configure:3580: clang -c -g  conftest.c >&5
configure:3580: $? = 0
configure:3621: result: yes
configure:3638: checking for clang option to accept ISO C89
configure:3701: clang  -c -std=c11 -g -O0 -D_POSIX_C_SOURCE=200112L  -DMAGMA_FATAL_CANARIES -include /home/fran/Bureau/Intro_OS/Lab4/os21-lab4-Bozu1206/done/02-fuzzing/magma/tmp/magma/canary.h  conftest.c >&5
configure:3701: $? = 0
configure:3714: result: none needed
configure:3739: checking whether clang understands -c and -o together
configure:3761: clang -c conftest.c -o conftest2.o
configure:3764: $? = 0
configure:3761: clang -c conftest.c -o conftest2.o
configure:3764: $? = 0
configure:3776: result: yes
configure:3796: checking whether make supports the include directive
configure:3811: make -f confmf.GNU && cat confinc.out
make[3]: Entering directory '/home/fran/Bureau/Intro_OS/Lab4/os21-lab4-Bozu1206/done/02-fuzzing/magma/tmp/libpng16'
make[3]: Leaving directory '/home/fran/Bureau/Intro_OS/Lab4/os21-lab4-Bozu1206/done/02-fuzzing/magma/tmp/libpng16'
this is the am__doit target
configure:3814: $? = 0
configure:3833: result: yes (GNU style)
configure:3858: checking dependency style of clang
configure:3969: result: gcc3
configure:3993: checking dependency style of clang
configure:4102: result: gcc3
configure:4121: checking build system type
configure:4135: result: x86_64-pc-linux-gnu
configure:4155: checking host system type
configure:4168: result: x86_64-pc-none
configure:4188: checking for a sed that does not truncate output
configure:4252: result: /usr/bin/sed
configure:4270: checking for grep that handles long lines and -e
configure:4328: result: /usr/bin/grep
configure:4333: checking for egrep
configure:4395: result: /usr/bin/grep -E
configure:4400: checking for fgrep
configure:4462: result: /usr/bin/grep -F
configure:4489: checking how to print strings
configure:4516: result: printf
configure:4549: checking for ld used by clang
configure:4616: result: /usr/bin/ld
configure:4623: checking if the linker (/usr/bin/ld) is GNU ld
configure:4638: result: yes
configure:4655: checking how to run the C preprocessor
configure:4686: clang -E  conftest.c
configure:4686: $? = 0
configure:4700: clang -E  conftest.c
conftest.c:11:10: fatal error: 'ac_nonexistent.h' file not found
#include <ac_nonexistent.h>
         ^~~~~~~~~~~~~~~~~~
1 error generated.
configure:4700: $? = 1
configure: failed program was:
| /* confdefs.h */
| #define PACKAGE_NAME "libpng"
| #define PACKAGE_TARNAME "libpng"
| #define PACKAGE_VERSION "1.6.38.magma"
| #define PACKAGE_STRING "libpng 1.6.38.magma"
| #define PACKAGE_BUGREPORT "png-mng-implement@lists.sourceforge.net"
| #define PACKAGE_URL ""
| #define PACKAGE "libpng"
| #define VERSION "1.6.38.magma"
| /* end confdefs.h.  */
| #include <ac_nonexistent.h>
configure:4725: result: clang -E
configure:4745: clang -E  conftest.c
configure:4745: $? = 0
configure:4759: clang -E  conftest.c
conftest.c:11:10: fatal error: 'ac_nonexistent.h' file not found
#include <ac_nonexistent.h>
         ^~~~~~~~~~~~~~~~~~
1 error generated.
configure:4759: $? = 1
configure: failed program was:
| /* confdefs.h */
| #define PACKAGE_NAME "libpng"
| #define PACKAGE_TARNAME "libpng"
| #define PACKAGE_VERSION "1.6.38.magma"
| #define PACKAGE_STRING "libpng 1.6.38.magma"
| #define PACKAGE_BUGREPORT "png-mng-implement@lists.sourceforge.net"
| #define PACKAGE_URL ""
| #define PACKAGE "libpng"
| #define VERSION "1.6.38.magma"
| /* end confdefs.h.  */
| #include <ac_nonexistent.h>
configure:4791: checking for gawk
configure:4818: result: mawk
configure:4830: checking whether ln -s works
configure:4834: result: yes
configure:4841: checking whether make sets $(MAKE)
configure:4863: result: yes
configure:4915: checking for BSD- or MS-compatible name lister (nm)
configure:4969: result: no
configure:4983: checking for x86_64-dumpbin
configure:5013: result: no
configure:4983: checking for x86_64-link
configure:5013: result: no
configure:5027: checking for dumpbin
configure:5057: result: no
configure:5027: checking for link
configure:5043: found /usr/bin/link
configure:5054: result: link -dump
configure:5099: checking the name lister (nm) interface
configure:5106: clang -c -std=c11 -g -O0 -D_POSIX_C_SOURCE=200112L  -DMAGMA_FATAL_CANARIES -include /home/fran/Bureau/Intro_OS/Lab4/os21-lab4-Bozu1206/done/02-fuzzing/magma/tmp/magma/canary.h  conftest.c >&5
configure:5109: nm "conftest.o"
configure:5112: output
0000000000000000 B some_variable
configure:5113: result: BSD nm
configure:5117: checking the maximum length of command line arguments
configure:5248: result: 1572864
configure:5296: checking how to convert x86_64-pc-linux-gnu file names to x86_64-pc-none format
configure:5336: result: func_convert_file_noop
configure:5343: checking how to convert x86_64-pc-linux-gnu file names to toolchain format
configure:5363: result: func_convert_file_noop
configure:5370: checking for /usr/bin/ld option to reload object files
configure:5377: result: -r
configure:5411: checking for x86_64-objdump
configure:5441: result: no
configure:5451: checking for objdump
configure:5467: found /usr/bin/objdump
configure:5478: result: objdump
configure:5507: checking how to recognize dependent libraries
configure:5707: result: unknown
configure:5752: checking for x86_64-dlltool
configure:5782: result: no
configure:5792: checking for dlltool
configure:5822: result: no
configure:5849: checking how to associate runtime and link libraries
configure:5876: result: printf %s\n
configure:5893: checking for x86_64-ar
configure:5923: result: no
configure:5937: checking for ar
configure:5953: found /usr/bin/ar
configure:5964: result: ar
configure:6001: checking for archiver @FILE support
configure:6018: clang -c -std=c11 -g -O0 -D_POSIX_C_SOURCE=200112L  -DMAGMA_FATAL_CANARIES -include /home/fran/Bureau/Intro_OS/Lab4/os21-lab4-Bozu1206/done/02-fuzzing/magma/tmp/magma/canary.h  conftest.c >&5
configure:6018: $? = 0
configure:6021: ar cr libconftest.a @conftest.lst >&5
configure:6024: $? = 0
configure:6029: ar cr libconftest.a @conftest.lst >&5
ar: conftest.o: No such file or directory
configure:6032: $? = 1
configure:6031: result: @
configure:6049: checking for x86_64-strip
configure:6076: result: strip
configure:6148: checking for x86_64-ranlib
configure:6178: result: no
configure:6188: checking for ranlib
configure:6204: found /usr/bin/ranlib
configure:6215: result: ranlib
configure:6317: checking command to parse nm output from clang object
configure:6470: clang -c -std=c11 -g -O0 -D_POSIX_C_SOURCE=200112L  -DMAGMA_FATAL_CANARIES -include /home/fran/Bureau/Intro_OS/Lab4/os21-lab4-Bozu1206/done/02-fuzzing/magma/tmp/magma/canary.h  conftest.c >&5
configure:6473: $? = 0
configure:6477: nm conftest.o | sed -n -e 's/^.*[	 ]\([ABCDGIRSTW][ABCDGIRSTW]*\)[	 ][	 ]*\([_A-Za-z][_A-Za-z0-9]*\)$/\1 \2 \2/p' | sed '/ __gnu_lto/d' > conftest.nm
configure:6543: clang -o conftest -std=c11 -g -O0 -D_POSIX_C_SOURCE=200112L  -DMAGMA_FATAL_CANARIES -include /home/fran/Bureau/Intro_OS/Lab4/os21-lab4-Bozu1206/done/02-fuzzing/magma/tmp/magma/canary.h    conftest.c conftstm.o >&5
configure:6546: $? = 0
configure:6584: result: ok
configure:6631: checking for sysroot
configure:6661: result: no
configure:6668: checking for a working dd
configure:6706: result: /usr/bin/dd
configure:6710: checking how to truncate binary pipes
configure:6725: result: /usr/bin/dd bs=4096 count=1
configure:7014: checking for x86_64-mt
configure:7044: result: no
configure:7054: checking for mt
configure:7070: found /usr/bin/mt
configure:7081: result: mt
configure:7104: checking if mt is a manifest tool
configure:7110: mt '-?'
configure:7118: result: no
configure:7791: checking for ANSI C header files
configure:7811: clang -c -std=c11 -g -O0 -D_POSIX_C_SOURCE=200112L  -DMAGMA_FATAL_CANARIES -include /home/fran/Bureau/Intro_OS/Lab4/os21-lab4-Bozu1206/done/02-fuzzing/magma/tmp/magma/canary.h  conftest.c >&5
configure:7811: $? = 0
configure:7884: clang -o conftest -std=c11 -g -O0 -D_POSIX_C_SOURCE=200112L  -DMAGMA_FATAL_CANARIES -include /home/fran/Bureau/Intro_OS/Lab4/os21-lab4-Bozu1206/done/02-fuzzing/magma/tmp/magma/canary.h    conftest.c  -lrt >&5
configure:7884: $? = 0
configure:7884: ./conftest
configure:7884: $? = 0
configure:7895: result: yes
configure:7908: checking for sys/types.h
configure:7908: clang -c -std=c11 -g -O0 -D_POSIX_C_SOURCE=200112L  -DMAGMA_FATAL_CANARIES -include /home/fran/Bureau/Intro_OS/Lab4/os21-lab4-Bozu1206/done/02-fuzzing/magma/tmp/magma/canary.h  conftest.c >&5
configure:7908: $? = 0
configure:7908: result: yes
configure:7908: checking for sys/stat.h
configure:7908: clang -c -std=c11 -g -O0 -D_POSIX_C_SOURCE=200112L  -DMAGMA_FATAL_CANARIES -include /home/fran/Bureau/Intro_OS/Lab4/os21-lab4-Bozu1206/done/02-fuzzing/magma/tmp/magma/canary.h  conftest.c >&5
configure:7908: $? = 0
configure:7908: result: yes
configure:7908: checking for stdlib.h
configure:7908: clang -c -std=c11 -g -O0 -D_POSIX_C_SOURCE=200112L  -DMAGMA_FATAL_CANARIES -include /home/fran/Bureau/Intro_OS/Lab4/os21-lab4-Bozu1206/done/02-fuzzing/magma/tmp/magma/canary.h  conftest.c >&5
configure:7908: $? = 0
configure:7908: result: yes
configure:7908: checking for string.h
configure:7908: clang -c -std=c11 -g -O0 -D_POSIX_C_SOURCE=200112L  -DMAGMA_FATAL_CANARIES -include /home/fran/Bureau/Intro_OS/Lab4/os21-lab4-Bozu1206/done/02-fuzzing/magma/tmp/magma/canary.h  conftest.c >&5
configure:7908: $? = 0
configure:7908: result: yes
configure:7908: checking for memory.h
configure:7908: clang -c -std=c11 -g -O0 -D_POSIX_C_SOURCE=200112L  -DMAGMA_FATAL_CANARIES -include /home/fran/Bureau/Intro_OS/Lab4/os21-lab4-Bozu1206/done/02-fuzzing/magma/tmp/magma/canary.h  conftest.c >&5
configure:7908: $? = 0
configure:7908: result: yes
configure:7908: checking for strings.h
configure:7908: clang -c -std=c11 -g -O0 -D_POSIX_C_SOURCE=200112L  -DMAGMA_FATAL_CANARIES -include /home/fran/Bureau/Intro_OS/Lab4/os21-lab4-Bozu1206/done/02-fuzzing/magma/tmp/magma/canary.h  conftest.c >&5
configure:7908: $? = 0
configure:7908: result: yes
configure:7908: checking for inttypes.h
configure:7908: clang -c -std=c11 -g -O0 -D_POSIX_C_SOURCE=200112L  -DMAGMA_FATAL_CANARIES -include /home/fran/Bureau/Intro_OS/Lab4/os21-lab4-Bozu1206/done/02-fuzzing/magma/tmp/magma/canary.h  conftest.c >&5
configure:7908: $? = 0
configure:7908: result: yes
configure:7908: checking for stdint.h
configure:7908: clang -c -std=c11 -g -O0 -D_POSIX_C_SOURCE=200112L  -DMAGMA_FATAL_CANARIES -include /home/fran/Bureau/Intro_OS/Lab4/os21-lab4-Bozu1206/done/02-fuzzing/magma/tmp/magma/canary.h  conftest.c >&5
configure:7908: $? = 0
configure:7908: result: yes
configure:7908: checking for unistd.h
configure:7908: clang -c -std=c11 -g -O0 -D_POSIX_C_SOURCE=200112L  -DMAGMA_FATAL_CANARIES -include /home/fran/Bureau/Intro_OS/Lab4/os21-lab4-Bozu1206/done/02-fuzzing/magma/tmp/magma/canary.h  conftest.c >&5
configure:7908: $? = 0
configure:7908: result: yes
configure:7922: checking for dlfcn.h
configure:7922: clang -c -std=c11 -g -O0 -D_POSIX_C_SOURCE=200112L  -DMAGMA_FATAL_CANARIES -include /home/fran/Bureau/Intro_OS/Lab4/os21-lab4-Bozu1206/done/02-fuzzing/magma/tmp/magma/canary.h  conftest.c >&5
configure:7922: $? = 0
configure:7922: result: yes
configure:8476: checking for objdir
configure:8491: result: .libs
configure:8755: checking if clang supports -fno-rtti -fno-exceptions
configure:8773: clang -c -std=c11 -g -O0 -D_POSIX_C_SOURCE=200112L  -DMAGMA_FATAL_CANARIES -include /home/fran/Bureau/Intro_OS/Lab4/os21-lab4-Bozu1206/done/02-fuzzing/magma/tmp/magma/canary.h  -fno-rtti -fno-exceptions conftest.c >&5
configure:8777: $? = 0
configure:8790: result: yes
configure:9154: checking for clang option to produce PIC
configure:9161: result: -fPIC -DPIC
configure:9169: checking if clang PIC flag -fPIC -DPIC works
configure:9187: clang -c -std=c11 -g -O0 -D_POSIX_C_SOURCE=200112L  -DMAGMA_FATAL_CANARIES -include /home/fran/Bureau/Intro_OS/Lab4/os21-lab4-Bozu1206/done/02-fuzzing/magma/tmp/magma/canary.h  -fPIC -DPIC -DPIC conftest.c >&5
configure:9191: $? = 0
configure:9204: result: yes
configure:9233: checking if clang static flag -static works
configure:9261: result: yes
configure:9276: checking if clang supports -c -o file.o
configure:9297: clang -c -std=c11 -g -O0 -D_POSIX_C_SOURCE=200112L  -DMAGMA_FATAL_CANARIES -include /home/fran/Bureau/Intro_OS/Lab4/os21-lab4-Bozu1206/done/02-fuzzing/magma/tmp/magma/canary.h  -o out/conftest2.o conftest.c >&5
configure:9301: $? = 0
configure:9323: result: yes
configure:9331: checking if clang supports -c -o file.o
configure:9378: result: yes
configure:9411: checking whether the clang linker (/usr/bin/ld) supports shared libraries
configure:10674: result: yes
configure:10711: checking whether -lc should be explicitly linked in
configure:10719: clang -c -std=c11 -g -O0 -D_POSIX_C_SOURCE=200112L  -DMAGMA_FATAL_CANARIES -include /home/fran/Bureau/Intro_OS/Lab4/os21-lab4-Bozu1206/done/02-fuzzing/magma/tmp/magma/canary.h  conftest.c >&5
configure:10722: $? = 0
configure:10737: clang -shared  -fPIC -DPIC conftest.o  -v -Wl,-soname -Wl,conftest -o conftest 2\>\&1 \| /usr/bin/grep  -lc  \>/dev/null 2\>\&1
configure:10740: $? = 0
configure:10754: result: no
configure:10914: checking dynamic linker characteristics
configure:11744: result: no
configure:11866: checking how to hardcode library paths into programs
configure:11891: result: immediate
configure:12439: checking whether stripping libraries is possible
configure:12444: result: yes
configure:12479: checking if libtool supports shared libraries
configure:12481: result: no
configure:12484: checking whether to build shared libraries
configure:12509: result: no
configure:12512: checking whether to build static libraries
configure:12516: result: yes
configure:9333: checking that AWK works
configure:9339: result: ok
configure:9390: checking if we need to force back C standard to C89
configure:9406: clang -c -std=c11 -g -O0 -D_POSIX_C_SOURCE=200112L  -DMAGMA_FATAL_CANARIES -include /home/fran/Bureau/Intro_OS/Lab4/os21-lab4-Bozu1206/done/02-fuzzing/magma/tmp/magma/canary.h  conftest.c >&5
configure:9406: $? = 0
configure:9407: result: no
configure:9422: checking for ANSI C header files
configure:9526: result: yes
configure:9536: checking for an ANSI C-conforming const
configure:9602: clang -c -std=c11 -g -O0 -D_POSIX_C_SOURCE=200112L  -DMAGMA_FATAL_CANARIES -include /home/fran/Bureau/Intro_OS/Lab4/os21-lab4-Bozu1206/done/02-fuzzing/magma/tmp/magma/canary.h  conftest.c >&5
configure:9602: $? = 0
configure:9609: result: yes
configure:9617: checking for size_t
configure:9617: clang -c -std=c11 -g -O0 -D_POSIX_C_SOURCE=200112L  -DMAGMA_FATAL_CANARIES -include /home/fran/Bureau/Intro_OS/Lab4/os21-lab4-Bozu1206/done/02-fuzzing/magma/tmp/magma/canary.h  conftest.c >&5
configure:9617: $? = 0
configure:9617: clang -c -std=c11 -g -O0 -D_POSIX_C_SOURCE=200112L  -DMAGMA_FATAL_CANARIES -include /home/fran/Bureau/Intro_OS/Lab4/os21-lab4-Bozu1206/done/02-fuzzing/magma/tmp/magma/canary.h  conftest.c >&5
conftest.c:60:21: error: expected expression
if (sizeof ((size_t)))
                    ^
1 error generated.
configure:9617: $? = 1
configure: failed program was:
| /* confdefs.h */
| #define PACKAGE_NAME "libpng"
| #define PACKAGE_TARNAME "libpng"
| #define PACKAGE_VERSION "1.6.38.magma"
| #define PACKAGE_STRING "libpng 1.6.38.magma"
| #define PACKAGE_BUGREPORT "png-mng-implement@lists.sourceforge.net"
| #define PACKAGE_URL ""
| #define PACKAGE "libpng"
| #define VERSION "1.6.38.magma"
| #define STDC_HEADERS 1
| #define HAVE_SYS_TYPES_H 1
| #define HAVE_SYS_STAT_H 1
| #define HAVE_STDLIB_H 1
| #define HAVE_STRING_H 1
| #define HAVE_MEMORY_H 1
| #define HAVE_STRINGS_H 1
| #define HAVE_INTTYPES_H 1
| #define HAVE_STDINT_H 1
| #define HAVE_UNISTD_H 1
| #define HAVE_DLFCN_H 1
| #define LT_OBJDIR ".libs/"
| #define STDC_HEADERS 1
| /* end confdefs.h.  */
| #include <stdio.h>
| #ifdef HAVE_SYS_TYPES_H
| # include <sys/types.h>
| #endif
| #ifdef HAVE_SYS_STAT_H
| # include <sys/stat.h>
| #endif
| #ifdef STDC_HEADERS
| # include <stdlib.h>
| # include <stddef.h>
| #else
| # ifdef HAVE_STDLIB_H
| #  include <stdlib.h>
| # endif
| #endif
| #ifdef HAVE_STRING_H
| # if !defined STDC_HEADERS && defined HAVE_MEMORY_H
| #  include <memory.h>
| # endif
| # include <string.h>
| #endif
| #ifdef HAVE_STRINGS_H
| # include <strings.h>
| #endif
| #ifdef HAVE_INTTYPES_H
| # include <inttypes.h>
| #endif
| #ifdef HAVE_STDINT_H
| # include <stdint.h>
| #endif
| #ifdef HAVE_UNISTD_H
| # include <unistd.h>
| #endif
| int
| main ()
| {
| if (sizeof ((size_t)))
| 	    return 0;
|   ;
|   return 0;
| }
configure:9617: result: yes
configure:9628: checking whether struct tm is in sys/time.h or time.h
configure:9648: clang -c -std=c11 -g -O0 -D_POSIX_C_SOURCE=200112L  -DMAGMA_FATAL_CANARIES -include /home/fran/Bureau/Intro_OS/Lab4/os21-lab4-Bozu1206/done/02-fuzzing/magma/tmp/magma/canary.h  conftest.c >&5
configure:9648: $? = 0
configure:9655: result: time.h
configure:9663: checking for C/C++ restrict keyword
configure:9688: clang -c -std=c11 -g -O0 -D_POSIX_C_SOURCE=200112L  -DMAGMA_FATAL_CANARIES -include /home/fran/Bureau/Intro_OS/Lab4/os21-lab4-Bozu1206/done/02-fuzzing/magma/tmp/magma/canary.h  conftest.c >&5
configure:9688: $? = 0
configure:9696: result: __restrict
configure:9711: checking for working strtod
configure:9752: clang -o conftest -std=c11 -g -O0 -D_POSIX_C_SOURCE=200112L  -DMAGMA_FATAL_CANARIES -include /home/fran/Bureau/Intro_OS/Lab4/os21-lab4-Bozu1206/done/02-fuzzing/magma/tmp/magma/canary.h    conftest.c  -lrt >&5
configure:9752: $? = 0
configure:9752: ./conftest
configure:9752: $? = 0
configure:9762: result: yes
configure:9826: checking for pow
configure:9826: clang -o conftest -std=c11 -g -O0 -D_POSIX_C_SOURCE=200112L  -DMAGMA_FATAL_CANARIES -include /home/fran/Bureau/Intro_OS/Lab4/os21-lab4-Bozu1206/done/02-fuzzing/magma/tmp/magma/canary.h    conftest.c  -lrt >&5
conftest.c:48:6: warning: incompatible redeclaration of library function 'pow' [-Wincompatible-library-redeclaration]
char pow ();
     ^
conftest.c:48:6: note: 'pow' is a builtin with type 'double (double, double)'
1 warning generated.
/usr/bin/ld: /tmp/conftest-35eb96.o: in function `main':
/home/fran/Bureau/Intro_OS/Lab4/os21-lab4-Bozu1206/done/02-fuzzing/magma/tmp/libpng16/conftest.c:59: undefined reference to `pow'
clang: error: linker command failed with exit code 1 (use -v to see invocation)
configure:9826: $? = 1
configure: failed program was:
| /* confdefs.h */
| #define PACKAGE_NAME "libpng"
| #define PACKAGE_TARNAME "libpng"
| #define PACKAGE_VERSION "1.6.38.magma"
| #define PACKAGE_STRING "libpng 1.6.38.magma"
| #define PACKAGE_BUGREPORT "png-mng-implement@lists.sourceforge.net"
| #define PACKAGE_URL ""
| #define PACKAGE "libpng"
| #define VERSION "1.6.38.magma"
| #define STDC_HEADERS 1
| #define HAVE_SYS_TYPES_H 1
| #define HAVE_SYS_STAT_H 1
| #define HAVE_STDLIB_H 1
| #define HAVE_STRING_H 1
| #define HAVE_MEMORY_H 1
| #define HAVE_STRINGS_H 1
| #define HAVE_INTTYPES_H 1
| #define HAVE_STDINT_H 1
| #define HAVE_UNISTD_H 1
| #define HAVE_DLFCN_H 1
| #define LT_OBJDIR ".libs/"
| #define STDC_HEADERS 1
| #define restrict __restrict
| /* end confdefs.h.  */
| /* Define pow to an innocuous variant, in case <limits.h> declares pow.
|    For example, HP-UX 11i <limits.h> declares gettimeofday.  */
| #define pow innocuous_pow
| 
| /* System header to define __stub macros and hopefully few prototypes,
|     which can conflict with char pow (); below.
|     Prefer <limits.h> to <assert.h> if __STDC__ is defined, since
|     <limits.h> exists even on freestanding compilers.  */
| 
| #ifdef __STDC__
| # include <limits.h>
| #else
| # include <assert.h>
| #endif
| 
| #undef pow
| 
| /* Override any GCC internal prototype to avoid an error.
|    Use char because int might match the return type of a GCC
|    builtin and then its argument prototype would still apply.  */
| #ifdef __cplusplus
| extern "C"
| #endif
| char pow ();
| /* The GNU C library defines this for functions which it implements
|     to always fail with ENOSYS.  Some functions are actually named
|     something starting with __ and the normal name is an alias.  */
| #if defined __stub_pow || defined __stub___pow
| choke me
| #endif
| 
| int
| main ()
| {
| return pow ();
|   ;
|   return 0;
| }
configure:9826: result: no
configure:9833: checking for pow in -lm
configure:9858: clang -o conftest -std=c11 -g -O0 -D_POSIX_C_SOURCE=200112L  -DMAGMA_FATAL_CANARIES -include /home/fran/Bureau/Intro_OS/Lab4/os21-lab4-Bozu1206/done/02-fuzzing/magma/tmp/magma/canary.h    conftest.c -lm   -lrt >&5
conftest.c:32:6: warning: incompatible redeclaration of library function 'pow' [-Wincompatible-library-redeclaration]
char pow ();
     ^
conftest.c:32:6: note: 'pow' is a builtin with type 'double (double, double)'
1 warning generated.
configure:9858: $? = 0
configure:9867: result: yes
configure:9886: checking for clock_gettime
configure:9886: clang -o conftest -std=c11 -g -O0 -D_POSIX_C_SOURCE=200112L  -DMAGMA_FATAL_CANARIES -include /home/fran/Bureau/Intro_OS/Lab4/os21-lab4-Bozu1206/done/02-fuzzing/magma/tmp/magma/canary.h    conftest.c -lm  -lrt >&5
configure:9886: $? = 0
configure:9886: result: yes
configure:9911: checking for zlibVersion in -lz
configure:9936: clang -o conftest -std=c11 -g -O0 -D_POSIX_C_SOURCE=200112L  -DMAGMA_FATAL_CANARIES -include /home/fran/Bureau/Intro_OS/Lab4/os21-lab4-Bozu1206/done/02-fuzzing/magma/tmp/magma/canary.h    conftest.c -lz  -lm  -lrt >&5
configure:9936: $? = 0
configure:9945: result: yes
configure:10010: checking for feenableexcept in -lm
configure:10035: clang -o conftest -std=c11 -g -O0 -D_POSIX_C_SOURCE=200112L  -DMAGMA_FATAL_CANARIES -include /home/fran/Bureau/Intro_OS/Lab4/os21-lab4-Bozu1206/done/02-fuzzing/magma/tmp/magma/canary.h    conftest.c -lm  -lz -lm  -lrt >&5
configure:10035: $? = 0
configure:10044: result: yes
configure:10057: checking for feenableexcept
configure:10057: clang -o conftest -std=c11 -g -O0 -D_POSIX_C_SOURCE=200112L  -DMAGMA_FATAL_CANARIES -include /home/fran/Bureau/Intro_OS/Lab4/os21-lab4-Bozu1206/done/02-fuzzing/magma/tmp/magma/canary.h    conftest.c -lm -lz -lm  -lrt >&5
configure:10057: $? = 0
configure:10057: result: yes
configure:10067: checking if using Solaris linker
configure:10076: result: no
configure:10088: checking if libraries can be versioned
configure:10109: result: yes
configure:10131: checking for symbol prefix
configure:10138: result: 
configure:10160: pkgconfig directory is ${libdir}/pkgconfig
configure:10521: Extra options for compiler: -D'MAGMA_LOG(b,c)=do{magma_log((b),(int)(c));}while(0)' -DMAGMA_ENABLE_CANARIES -fsanitize=address,fuzzer
configure:10631: checking that generated files are newer than configure
configure:10637: result: done
configure:10712: creating ./config.status

## ---------------------- ##
## Running config.status. ##
## ---------------------- ##

This file was extended by libpng config.status 1.6.38.magma, which was
generated by GNU Autoconf 2.69.  Invocation command line was

  CONFIG_FILES    = 
  CONFIG_HEADERS  = 
  CONFIG_LINKS    = 
  CONFIG_COMMANDS = 
  $ ./config.status 

on fran-kubuntu

config.status:1130: creating Makefile
config.status:1130: creating libpng.pc
config.status:1130: creating libpng-config
config.status:1130: creating config.h
config.status:1359: executing depfiles commands
config.status:1436: cd .       && sed -e '/# am--include-marker/d' Makefile         | make -f - am--depfiles
make[3]: Entering directory '/home/fran/Bureau/Intro_OS/Lab4/os21-lab4-Bozu1206/done/02-fuzzing/magma/tmp/libpng16'
make[3]: Leaving directory '/home/fran/Bureau/Intro_OS/Lab4/os21-lab4-Bozu1206/done/02-fuzzing/magma/tmp/libpng16'
config.status:1441: $? = 0
config.status:1359: executing libtool commands

## ---------------- ##
## Cache variables. ##
## ---------------- ##

ac_cv_build=x86_64-pc-linux-gnu
ac_cv_c_compiler_gnu=yes
ac_cv_c_const=yes
ac_cv_c_restrict=__restrict
ac_cv_env_CCASFLAGS_set=
ac_cv_env_CCASFLAGS_value=
ac_cv_env_CCAS_set=
ac_cv_env_CCAS_value=
ac_cv_env_CC_set=set
ac_cv_env_CC_value=clang
ac_cv_env_CFLAGS_set=set
ac_cv_env_CFLAGS_value='-std=c11 -g -O0 -D_POSIX_C_SOURCE=200112L  -DMAGMA_FATAL_CANARIES -include /home/fran/Bureau/Intro_OS/Lab4/os21-lab4-Bozu1206/done/02-fuzzing/magma/tmp/magma/canary.h'
ac_cv_env_CPPFLAGS_set=
ac_cv_env_CPPFLAGS_value=
ac_cv_env_CPP_set=
ac_cv_env_CPP_value=
ac_cv_env_LDFLAGS_set=set
ac_cv_env_LDFLAGS_value=' '
ac_cv_env_LIBS_set=set
ac_cv_env_LIBS_value=' -lrt'
ac_cv_env_LT_SYS_LIBRARY_PATH_set=
ac_cv_env_LT_SYS_LIBRARY_PATH_value=
ac_cv_env_PNG_COPTS_set=set
ac_cv_env_PNG_COPTS_value='-D'\''MAGMA_LOG(b,c)=do{magma_log((b),(int)(c));}while(0)'\'' -DMAGMA_ENABLE_CANARIES -fsanitize=address,fuzzer'
ac_cv_env_build_alias_set=
ac_cv_env_build_alias_value=
ac_cv_env_host_alias_set=set
ac_cv_env_host_alias_value=x86_64
ac_cv_env_target_alias_set=
ac_cv_env_target_alias_value=
ac_cv_func_clock_gettime=yes
ac_cv_func_feenableexcept=yes
ac_cv_func_pow=no
ac_cv_func_strtod=yes
ac_cv_header_dlfcn_h=yes
ac_cv_header_inttypes_h=yes
ac_cv_header_memory_h=yes
ac_cv_header_stdc=yes
ac_cv_header_stdint_h=yes
ac_cv_header_stdlib_h=yes
ac_cv_header_string_h=yes
ac_cv_header_strings_h=yes
ac_cv_header_sys_stat_h=yes
ac_cv_header_sys_types_h=yes
ac_cv_header_unistd_h=yes
ac_cv_host=x86_64-pc-none
ac_cv_lib_m_feenableexcept=yes
ac_cv_lib_m_pow=yes
ac_cv_lib_z_zlibVersion=yes
ac_cv_objext=o
ac_cv_path_EGREP='/usr/bin/grep -E'
ac_cv_path_FGREP='/usr/bin/grep -F'
ac_cv_path_GREP=/usr/bin/grep
ac_cv_path_SED=/usr/bin/sed
ac_cv_path_install='/usr/bin/install -c'
ac_cv_path_lt_DD=/usr/bin/dd
ac_cv_path_mkdir=/usr/bin/mkdir
ac_cv_prog_AWK=mawk
ac_cv_prog_CC=clang
ac_cv_prog_CPP='clang -E'
ac_cv_prog_STRIP=strip
ac_cv_prog_ac_ct_AR=ar
ac_cv_prog_ac_ct_DUMPBIN='link -dump'
ac_cv_prog_ac_ct_MANIFEST_TOOL=mt
ac_cv_prog_ac_ct_OBJDUMP=objdump
ac_cv_prog_ac_ct_RANLIB=ranlib
ac_cv_prog_ac_ct_STRIP=strip
ac_cv_prog_cc_c89=
ac_cv_prog_cc_g=yes
ac_cv_prog_make_make_set=yes
ac_cv_struct_tm=time.h
ac_cv_type_size_t=yes
am_cv_CCAS_dependencies_compiler_type=gcc3
am_cv_CC_dependencies_compiler_type=gcc3
am_cv_make_support_nested_variables=yes
am_cv_prog_cc_c_o=yes
lt_cv_ar_at_file=@
lt_cv_archive_cmds_need_lc=no
lt_cv_deplibs_check_method=unknown
lt_cv_file_magic_cmd='$MAGIC_CMD'
lt_cv_file_magic_test_file=
lt_cv_ld_reload_flag=-r
lt_cv_nm_interface='BSD nm'
lt_cv_objdir=.libs
lt_cv_path_LD=/usr/bin/ld
lt_cv_path_NM=no
lt_cv_path_mainfest_tool=no
lt_cv_prog_compiler_c_o=yes
lt_cv_prog_compiler_pic='-fPIC -DPIC'
lt_cv_prog_compiler_pic_works=yes
lt_cv_prog_compiler_rtti_exceptions=yes
lt_cv_prog_compiler_static_works=yes
lt_cv_prog_gnu_ld=yes
lt_cv_sharedlib_from_linklib_cmd='printf %s\n'
lt_cv_sys_global_symbol_pipe='sed -n -e '\''s/^.*[	 ]\([ABCDGIRSTW][ABCDGIRSTW]*\)[	 ][	 ]*\([_A-Za-z][_A-Za-z0-9]*\)$/\1 \2 \2/p'\'' | sed '\''/ __gnu_lto/d'\'''
lt_cv_sys_global_symbol_to_c_name_address='sed -n -e '\''s/^: \(.*\) .*$/  {"\1", (void *) 0},/p'\'' -e '\''s/^[ABCDGIRSTW][ABCDGIRSTW]* .* \(.*\)$/  {"\1", (void *) \&\1},/p'\'''
lt_cv_sys_global_symbol_to_c_name_address_lib_prefix='sed -n -e '\''s/^: \(.*\) .*$/  {"\1", (void *) 0},/p'\'' -e '\''s/^[ABCDGIRSTW][ABCDGIRSTW]* .* \(lib.*\)$/  {"\1", (void *) \&\1},/p'\'' -e '\''s/^[ABCDGIRSTW][ABCDGIRSTW]* .* \(.*\)$/  {"lib\1", (void *) \&\1},/p'\'''
lt_cv_sys_global_symbol_to_cdecl='sed -n -e '\''s/^T .* \(.*\)$/extern int \1();/p'\'' -e '\''s/^[ABCDGIRSTW][ABCDGIRSTW]* .* \(.*\)$/extern char \1;/p'\'''
lt_cv_sys_global_symbol_to_import=
lt_cv_sys_max_cmd_len=1572864
lt_cv_to_host_file_cmd=func_convert_file_noop
lt_cv_to_tool_file_cmd=func_convert_file_noop
lt_cv_truncate_bin='/usr/bin/dd bs=4096 count=1'

## ----------------- ##
## Output variables. ##
## ----------------- ##

ACLOCAL='${SHELL} /home/fran/Bureau/Intro_OS/Lab4/os21-lab4-Bozu1206/done/02-fuzzing/magma/tmp/libpng16/missing aclocal-1.16'
AMDEPBACKSLASH='\'
AMDEP_FALSE='#'
AMDEP_TRUE=''
AMTAR='$${TAR-tar}'
AM_BACKSLASH='\'
AM_DEFAULT_V='$(AM_DEFAULT_VERBOSITY)'
AM_DEFAULT_VERBOSITY='1'
AM_V='$(V)'
AR='ar'
AS='as'
AUTOCONF='${SHELL} /home/fran/Bureau/Intro_OS/Lab4/os21-lab4-Bozu1206/done/02-fuzzing/magma/tmp/libpng16/missing autoconf'
AUTOHEADER='${SHELL} /home/fran/Bureau/Intro_OS/Lab4/os21-lab4-Bozu1206/done/02-fuzzing/magma/tmp/libpng16/missing autoheader'
AUTOMAKE='${SHELL} /home/fran/Bureau/Intro_OS/Lab4/os21-lab4-Bozu1206/done/02-fuzzing/magma/tmp/libpng16/missing automake-1.16'
AWK='mawk'
CC='clang'
CCAS='clang'
CCASDEPMODE='depmode=gcc3'
CCASFLAGS='-std=c11 -g -O0 -D_POSIX_C_SOURCE=200112L  -DMAGMA_FATAL_CANARIES -include /home/fran/Bureau/Intro_OS/Lab4/os21-lab4-Bozu1206/done/02-fuzzing/magma/tmp/magma/canary.h'
CCDEPMODE='depmode=gcc3'
CFLAGS='-std=c11 -g -O0 -D_POSIX_C_SOURCE=200112L  -DMAGMA_FATAL_CANARIES -include /home/fran/Bureau/Intro_OS/Lab4/os21-lab4-Bozu1206/done/02-fuzzing/magma/tmp/magma/canary.h'
CPP='clang -E'
CPPFLAGS=''
CYGPATH_W='echo'
DEFS='-DHAVE_CONFIG_H'
DEPDIR='.deps'
DFNCPP='clang -E'
DLLTOOL='false'
DO_INSTALL_LIBPNG_CONFIG_FALSE='#'
DO_INSTALL_LIBPNG_CONFIG_TRUE=''
DO_INSTALL_LIBPNG_PC_FALSE='#'
DO_INSTALL_LIBPNG_PC_TRUE=''
DO_INSTALL_LINKS_FALSE='#'
DO_INSTALL_LINKS_TRUE=''
DO_PNG_PREFIX_FALSE=''
DO_PNG_PREFIX_TRUE='#'
DSYMUTIL=''
DUMPBIN=':'
ECHO_C=''
ECHO_N='-n'
ECHO_T=''
EGREP='/usr/bin/grep -E'
EXEEXT=''
FGREP='/usr/bin/grep -F'
GREP='/usr/bin/grep'
HAVE_CLOCK_GETTIME_FALSE='#'
HAVE_CLOCK_GETTIME_TRUE=''
HAVE_LD_VERSION_SCRIPT_FALSE='#'
HAVE_LD_VERSION_SCRIPT_TRUE=''
HAVE_SOLARIS_LD_FALSE=''
HAVE_SOLARIS_LD_TRUE='#'
INSTALL_DATA='${INSTALL} -m 644'
INSTALL_PROGRAM='${INSTALL}'
INSTALL_SCRIPT='${INSTALL}'
INSTALL_STRIP_PROGRAM='$(install_sh) -c -s'
LD='/usr/bin/ld'
LDFLAGS=' '
LIBOBJS=''
LIBS='-lm -lz -lm  -lrt'
LIBTOOL='$(SHELL) $(top_builddir)/libtool'
LIPO=''
LN_S='ln -s'
LTLIBOBJS=''
LT_SYS_LIBRARY_PATH=''
MAINT='#'
MAINTAINER_MODE_FALSE=''
MAINTAINER_MODE_TRUE='#'
MAKEINFO='${SHELL} /home/fran/Bureau/Intro_OS/Lab4/os21-lab4-Bozu1206/done/02-fuzzing/magma/tmp/libpng16/missing makeinfo'
MANIFEST_TOOL=':'
MKDIR_P='/usr/bin/mkdir -p'
NM='nm'
NMEDIT=''
OBJDUMP='objdump'
OBJEXT='o'
OTOOL64=''
OTOOL=''
PACKAGE='libpng'
PACKAGE_BUGREPORT='png-mng-implement@lists.sourceforge.net'
PACKAGE_NAME='libpng'
PACKAGE_STRING='libpng 1.6.38.magma'
PACKAGE_TARNAME='libpng'
PACKAGE_URL=''
PACKAGE_VERSION='1.6.38.magma'
PATH_SEPARATOR=':'
PNGLIB_MAJOR='1'
PNGLIB_MINOR='6'
PNGLIB_RELEASE='38'
PNGLIB_VERSION='1.6.38.magma'
PNG_ARM_NEON_FALSE=''
PNG_ARM_NEON_TRUE='#'
PNG_COPTS='-D'\''MAGMA_LOG(b,c)=do{magma_log((b),(int)(c));}while(0)'\'' -DMAGMA_ENABLE_CANARIES -fsanitize=address,fuzzer'
PNG_INTEL_SSE_FALSE='#'
PNG_INTEL_SSE_TRUE=''
PNG_MIPS_MSA_FALSE='#'
PNG_MIPS_MSA_TRUE=''
PNG_POWERPC_VSX_FALSE='#'
PNG_POWERPC_VSX_TRUE=''
PNG_PREFIX=''
POW_LIB=''
RANLIB='ranlib'
SED='/usr/bin/sed'
SET_MAKE=''
SHELL='/bin/bash'
STRIP='strip'
SYMBOL_PREFIX=''
VERSION='1.6.38.magma'
ac_ct_AR='ar'
ac_ct_CC=''
ac_ct_DUMPBIN='link -dump'
am__EXEEXT_FALSE=''
am__EXEEXT_TRUE='#'
am__fastdepCCAS_FALSE='#'
am__fastdepCCAS_TRUE=''
am__fastdepCC_FALSE='#'
am__fastdepCC_TRUE=''
am__include='include'
am__isrc=''
am__leading_dot='.'
am__nodep='_no'
am__quote=''
am__tar='$${TAR-tar} chof - "$$tardir"'
am__untar='$${TAR-tar} xf -'
binconfigs='${binconfigs}'
bindir='${exec_prefix}/bin'
build='x86_64-pc-linux-gnu'
build_alias=''
build_cpu='x86_64'
build_os='linux-gnu'
build_vendor='pc'
datadir='${datarootdir}'
datarootdir='${prefix}/share'
docdir='${datarootdir}/doc/${PACKAGE_TARNAME}'
dvidir='${docdir}'
exec_prefix='${prefix}'
host='x86_64-pc-none'
host_alias='x86_64'
host_cpu='x86_64'
host_os='none'
host_vendor='pc'
htmldir='${docdir}'
includedir='${prefix}/include'
infodir='${datarootdir}/info'
install_sh='${SHELL} /home/fran/Bureau/Intro_OS/Lab4/os21-lab4-Bozu1206/done/02-fuzzing/magma/tmp/libpng16/install-sh'
libdir='${exec_prefix}/lib'
libexecdir='${exec_prefix}/libexec'
localedir='${datarootdir}/locale'
localstatedir='${prefix}/var'
mandir='${datarootdir}/man'
mkdir_p='$(MKDIR_P)'
oldincludedir='/usr/include'
pdfdir='${docdir}'
pkgconfigdir='${libdir}/pkgconfig'
prefix='/usr/local'
program_transform_name='s,x,x,'
psdir='${docdir}'
runstatedir='${localstatedir}/run'
sbindir='${exec_prefix}/sbin'
sharedstatedir='${prefix}/com'
sysconfdir='${prefix}/etc'
target_alias=''

## ----------- ##
## confdefs.h. ##
## ----------- ##

/* confdefs.h */
#define PACKAGE_NAME "libpng"
#define PACKAGE_TARNAME "libpng"
#define PACKAGE_VERSION "1.6.38.magma"
#define PACKAGE_STRING "libpng 1.6.38.magma"
#define PACKAGE_BUGREPORT "png-mng-implement@lists.sourceforge.net"
#define PACKAGE_URL ""
#define PACKAGE "libpng"
#define VERSION "1.6.38.magma"
#define STDC_HEADERS 1
#define HAVE_SYS_TYPES_H 1
#define HAVE_SYS_STAT_H 1
#define HAVE_STDLIB_H 1
#define HAVE_STRING_H 1
#define HAVE_MEMORY_H 1
#define HAVE_STRINGS_H 1
#define HAVE_INTTYPES_H 1
#define HAVE_STDINT_H 1
#define HAVE_UNISTD_H 1
#define HAVE_DLFCN_H 1
#define LT_OBJDIR ".libs/"
#define STDC_HEADERS 1
#define restrict __restrict
#define HAVE_LIBM 1
#define HAVE_LIBZ 1
#define HAVE_LIBM 1
#define HAVE_FEENABLEEXCEPT 1

configure: exit 0
